<?xml version="1.0" encoding="UTF-8"?>
<testsuite name="Cucumber" time="225.168" tests="12" skipped="0" failures="2" errors="0">
<testcase classname="AskOmDch Place Order  Feature" name="AskOmDch Place Order As a Guest - Example #1.1" time="18.999">
<system-out><![CDATA[
Given user is on the homepage...............................................passed
Then user should be able to click store link................................passed
And user should be able to enter product name "jeans" in search field and click search button.passed
Then user should be able to verify search result "jeans"....................passed
And user should be able to see "Dark Brown Jeans" product item..............passed
And confirm "Dark Brown Jeans" product item and add to cart.................passed
Then user should be able to see "Dark Brown Jeans” has been added to your cart." verify message.passed
And user should be able to click shopping cart link.........................passed
And user should be able to verify cart page and product added "Dark Brown Jeans".passed
Then user should be able to click proceed to checkout button................passed
And user should be able to see checkout page................................passed
And user enters "Maximilian" for firstname..................................passed
And user enters "Darden" for lastname.......................................passed
And user enters "MaxDardenINC" for company name.............................passed
And user selects "United States (US)" for country...........................passed
And user enters "123 N Palatine rd" for street address first................passed
And user enters "apt#321" for street address second.........................passed
And user enters "Chicago" for city..........................................passed
And user selects "IL" for state.............................................passed
And user enters "60008" for zipcode.........................................passed
And user enters "12345678" for phone........................................passed
And user enters "MaxDar1@gmail.com" for email...............................passed
And user clicks on payment method randomly..................................passed
Then user should be able to click place order button........................passed
And user should be able to see confirmation message for payment method in order confirmation.passed
And user should be able to see "Thank you. Your order has been received." confirmation message.passed
]]></system-out>
</testcase>
<testcase classname="AskOmDch Place Order  Feature" name="AskOmDch Place Order As a Guest - Example #1.2" time="17.717">
<system-out><![CDATA[
Given user is on the homepage...............................................passed
Then user should be able to click store link................................passed
And user should be able to enter product name "Shoes" in search field and click search button.passed
Then user should be able to verify search result "Shoes"....................passed
And user should be able to see "Blue Shoes" product item....................passed
And confirm "Blue Shoes" product item and add to cart.......................passed
Then user should be able to see "Blue Shoes” has been added to your cart." verify message.passed
And user should be able to click shopping cart link.........................passed
And user should be able to verify cart page and product added "Blue Shoes"..passed
Then user should be able to click proceed to checkout button................passed
And user should be able to see checkout page................................passed
And user enters "Lydia" for firstname.......................................passed
And user enters "Merchant" for lastname.....................................passed
And user enters "LydMerchantINC" for company name...........................passed
And user selects "United States (US)" for country...........................passed
And user enters "358 N Palatine rd" for street address first................passed
And user enters "apt#123" for street address second.........................passed
And user enters "Chicago" for city..........................................passed
And user selects "NC" for state.............................................passed
And user enters "50008" for zipcode.........................................passed
And user enters "12345679" for phone........................................passed
And user enters "LydMer1@gmail.com" for email...............................passed
And user clicks on payment method randomly..................................passed
Then user should be able to click place order button........................passed
And user should be able to see confirmation message for payment method in order confirmation.passed
And user should be able to see "Thank you. Your order has been received." confirmation message.passed
]]></system-out>
</testcase>
<testcase classname="AskOmDch Place Order  Feature" name="AskOmDch Place Order As a Guest and Create Account - Example #1.1" time="20.36">
<system-out><![CDATA[
Given user is on the homepage...............................................passed
Then user should be able to click store link................................passed
And user should be able to enter product name "jeans" in search field and click search button.passed
Then user should be able to verify search result "jeans"....................passed
And user should be able to see "Dark Brown Jeans" product item..............passed
And confirm "Dark Brown Jeans" product item and add to cart.................passed
Then user should be able to see "Dark Brown Jeans” has been added to your cart." verify message.passed
And user should be able to click shopping cart link.........................passed
And user should be able to verify cart page and product added "Dark Brown Jeans".passed
Then user should be able to click proceed to checkout button................passed
And user should be able to see checkout page................................passed
And user enters "Maximilian" for firstname..................................passed
And user enters "Darden" for lastname.......................................passed
And user enters "MaxDardenINC" for company name.............................passed
And user selects "United States (US)" for country...........................passed
And user enters "123 N Palatine rd" for street address first................passed
And user enters "apt#321" for street address second.........................passed
And user enters "Chicago" for city..........................................passed
And user selects "IL" for state.............................................passed
And user enters "60008" for zipcode.........................................passed
And user enters "12345678" for phone........................................passed
And user enters "MaxDar1@gmail.com" for email...............................passed
And user clicks on payment method randomly..................................passed
And user should be able to create account...................................passed
And user enters "MaxDar1" for account username..............................passed
And user enters "password" for account password.............................passed
Then user should be able to click place order button........................passed
And user should be able to see "Thank you. Your order has been received." confirmation message.passed
And user should be able to see confirmation "MaxDar1@gmail.com" address.....passed
And user should be able to see confirmation message for payment method in order confirmation.passed
Then verify billing information and should see the "Maximilian"  "Darden"  "MaxDardenINC"  "123 N Palatine rd"  "apt#321"  "Chicago"  "IL"  "60008" "12345678" "MaxDar1@gmail.com".passed
And verify shipping information the same address and should be see the "Maximilian"  "Darden"  "MaxDardenINC"  "123 N Palatine rd"  "apt#321"  "Chicago"  "IL"  "60008".passed
]]></system-out>
</testcase>
<testcase classname="AskOmDch Place Order  Feature" name="AskOmDch Place Order As a Guest and Create Account - Example #1.2" time="17.171">
<system-out><![CDATA[
Given user is on the homepage...............................................passed
Then user should be able to click store link................................passed
And user should be able to enter product name "Shoes" in search field and click search button.passed
Then user should be able to verify search result "Shoes"....................passed
And user should be able to see "Blue Shoes" product item....................passed
And confirm "Blue Shoes" product item and add to cart.......................passed
Then user should be able to see "Blue Shoes” has been added to your cart." verify message.passed
And user should be able to click shopping cart link.........................passed
And user should be able to verify cart page and product added "Blue Shoes"..passed
Then user should be able to click proceed to checkout button................passed
And user should be able to see checkout page................................passed
And user enters "Lydia" for firstname.......................................passed
And user enters "Merchant" for lastname.....................................passed
And user enters "LydMerchantINC" for company name...........................passed
And user selects "United States (US)" for country...........................passed
And user enters "358 N Palatine rd" for street address first................passed
And user enters "apt#123" for street address second.........................passed
And user enters "Chicago" for city..........................................passed
And user selects "NC" for state.............................................passed
And user enters "50008" for zipcode.........................................passed
And user enters "12345679" for phone........................................passed
And user enters "LydMer1@gmail.com" for email...............................passed
And user clicks on payment method randomly..................................passed
And user should be able to create account...................................passed
And user enters "LydMer1" for account username..............................passed
And user enters "password" for account password.............................passed
Then user should be able to click place order button........................passed
And user should be able to see "Thank you. Your order has been received." confirmation message.passed
And user should be able to see confirmation "LydMer1@gmail.com" address.....passed
And user should be able to see confirmation message for payment method in order confirmation.passed
Then verify billing information and should see the "Lydia"  "Merchant"  "LydMerchantINC"  "358 N Palatine rd"  "apt#123"  "Chicago"  "NC"  "50008" "12345679" "LydMer1@gmail.com".passed
And verify shipping information the same address and should be see the "Lydia"  "Merchant"  "LydMerchantINC"  "358 N Palatine rd"  "apt#123"  "Chicago"  "NC"  "50008".passed
]]></system-out>
</testcase>
<testcase classname="AskOmDch Place Order  Feature" name="AskOmDch Place Order As a Guest with different address for delivery - Example #1.1" time="18.358">
<system-out><![CDATA[
Given user is on the homepage...............................................passed
Then user should be able to click store link................................passed
And user should be able to enter product name "jeans" in search field and click search button.passed
Then user should be able to verify search result "jeans"....................passed
And user should be able to see "Dark Brown Jeans" product item..............passed
And confirm "Dark Brown Jeans" product item and add to cart.................passed
Then user should be able to see "Dark Brown Jeans” has been added to your cart." verify message.passed
And user should be able to click shopping cart link.........................passed
And user should be able to verify cart page and product added "Dark Brown Jeans".passed
Then user should be able to click proceed to checkout button................passed
And user should be able to see checkout page................................passed
And user enters "Ashely" for firstname......................................passed
And user enters "Majors" for lastname.......................................passed
And user enters "Majors INC" for company name...............................passed
And user selects "United States (US)" for country...........................passed
And user enters "Ruby Passage" for street address first.....................passed
And user enters "Apt 123" for street address second.........................passed
And user enters "Oyrivine" for city.........................................passed
And user selects "IL" for state.............................................passed
And user enters "50056" for zipcode.........................................passed
And user enters "1582564982" for phone......................................passed
And user enters "AshMajors@gmail.com" for email.............................passed
And user should be able to click ship to a different address................passed
And user enters "Cecelia" for different shipping first name.................passed
And user enters "Seeley" for different shipping last name...................passed
And user enters "Seeley INC" for different shipping company name............passed
And user selects "United States (US)" for different shipping country........passed
And user enters "Berry Lane" for different shipping street address first....passed
And user enters "Apt 345" for different shipping street address second......passed
And user enters "Kalgan" for different shipping city........................passed
And user selects "IL" for different shipping state..........................passed
And user enters "42365" for different shipping zip_code.....................passed
And user enters "Thank you!" for order notes................................passed
And user clicks on payment method randomly..................................passed
Then user should be able to click place order button........................passed
And user should be able to see "Thank you. Your order has been received." confirmation message.passed
And user should be able to see confirmation message for payment method in order confirmation.passed
]]></system-out>
</testcase>
<testcase classname="AskOmDch Place Order  Feature" name="AskOmDch Place Order As a Guest with different address for delivery - Example #1.2" time="20.109">
<system-out><![CDATA[
Given user is on the homepage...............................................passed
Then user should be able to click store link................................passed
And user should be able to enter product name "Shoes" in search field and click search button.passed
Then user should be able to verify search result "Shoes"....................passed
And user should be able to see "Blue Shoes" product item....................passed
And confirm "Blue Shoes" product item and add to cart.......................passed
Then user should be able to see "Blue Shoes” has been added to your cart." verify message.passed
And user should be able to click shopping cart link.........................passed
And user should be able to verify cart page and product added "Blue Shoes"..passed
Then user should be able to click proceed to checkout button................passed
And user should be able to see checkout page................................passed
And user enters "Briana" for firstname......................................passed
And user enters "Mortensen" for lastname....................................passed
And user enters "Mortensen INC" for company name............................passed
And user selects "United States (US)" for country...........................passed
And user enters "Vine Lane" for street address first........................passed
And user enters "Apt 124" for street address second.........................passed
And user enters "Murrough" for city.........................................passed
And user selects "NC" for state.............................................passed
And user enters "50057" for zipcode.........................................passed
And user enters "1582564982" for phone......................................passed
And user enters "BriMortensen@gmail.com" for email..........................passed
And user should be able to click ship to a different address................passed
And user enters "Kirk" for different shipping first name....................passed
And user enters "Contreras" for different shipping last name................passed
And user enters "Contreras INC" for different shipping company name.........passed
And user selects "United States (US)" for different shipping country........passed
And user enters "West Street" for different shipping street address first...passed
And user enters "Apt 346" for different shipping street address second......passed
And user enters "Yruhstead" for different shipping city.....................passed
And user selects "NC" for different shipping state..........................passed
And user enters "42365" for different shipping zip_code.....................passed
And user enters "Thank you!" for order notes................................passed
And user clicks on payment method randomly..................................passed
Then user should be able to click place order button........................passed
And user should be able to see "Thank you. Your order has been received." confirmation message.passed
And user should be able to see confirmation message for payment method in order confirmation.passed
]]></system-out>
</testcase>
<testcase classname="AskOmDch Place Order  Feature" name="AskOmDch Place Order As a Guest with different address for delivery with create an account - Example #1.1" time="34.31">
<failure type="org.openqa.selenium.NoSuchElementException" message="no such element: Unable to locate element: {&quot;method&quot;:&quot;xpath&quot;,&quot;selector&quot;:&quot;//*[@class='woocommerce-notice woocommerce-notice--success woocommerce-thankyou-order-received']&quot;}
  (Session info: chrome=123.0.6312.122)
For documentation on this error, please visit: https://www.selenium.dev/documentation/webdriver/troubleshooting/errors#no-such-element-exception
Build info: version: '4.12.1', revision: '8e34639b11'
System info: os.name: 'Mac OS X', os.arch: 'aarch64', os.version: '13.5', java.version: '11.0.22'
Driver info: org.openqa.selenium.chrome.ChromeDriver
Command: [677318d8c4e440baa9aa151d3ce08cc0, findElement {using=xpath, value=//*[@class='woocommerce-notice woocommerce-notice--success woocommerce-thankyou-order-received']}]
Capabilities {acceptInsecureCerts: false, browserName: chrome, browserVersion: 123.0.6312.122, chrome: {chromedriverVersion: 123.0.6312.122 (31f8248cdd9..., userDataDir: /var/folders/rk/tfk1qdsn2dv...}, fedcm:accounts: true, goog:chromeOptions: {debuggerAddress: localhost:58501}, networkConnectionEnabled: false, pageLoadStrategy: normal, platformName: mac, proxy: Proxy(), se:cdp: ws://localhost:58501/devtoo..., se:cdpVersion: 123.0.6312.122, setWindowRect: true, strictFileInteractability: false, timeouts: {implicit: 0, pageLoad: 300000, script: 30000}, unhandledPromptBehavior: dismiss and notify, webauthn:extension:credBlob: true, webauthn:extension:largeBlob: true, webauthn:extension:minPinLength: true, webauthn:extension:prf: true, webauthn:virtualAuthenticators: true}
Session ID: 677318d8c4e440baa9aa151d3ce08cc0">
<![CDATA[org.openqa.selenium.NoSuchElementException: no such element: Unable to locate element: {"method":"xpath","selector":"//*[@class='woocommerce-notice woocommerce-notice--success woocommerce-thankyou-order-received']"}
  (Session info: chrome=123.0.6312.122)
For documentation on this error, please visit: https://www.selenium.dev/documentation/webdriver/troubleshooting/errors#no-such-element-exception
Build info: version: '4.12.1', revision: '8e34639b11'
System info: os.name: 'Mac OS X', os.arch: 'aarch64', os.version: '13.5', java.version: '11.0.22'
Driver info: org.openqa.selenium.chrome.ChromeDriver
Command: [677318d8c4e440baa9aa151d3ce08cc0, findElement {using=xpath, value=//*[@class='woocommerce-notice woocommerce-notice--success woocommerce-thankyou-order-received']}]
Capabilities {acceptInsecureCerts: false, browserName: chrome, browserVersion: 123.0.6312.122, chrome: {chromedriverVersion: 123.0.6312.122 (31f8248cdd9..., userDataDir: /var/folders/rk/tfk1qdsn2dv...}, fedcm:accounts: true, goog:chromeOptions: {debuggerAddress: localhost:58501}, networkConnectionEnabled: false, pageLoadStrategy: normal, platformName: mac, proxy: Proxy(), se:cdp: ws://localhost:58501/devtoo..., se:cdpVersion: 123.0.6312.122, setWindowRect: true, strictFileInteractability: false, timeouts: {implicit: 0, pageLoad: 300000, script: 30000}, unhandledPromptBehavior: dismiss and notify, webauthn:extension:credBlob: true, webauthn:extension:largeBlob: true, webauthn:extension:minPinLength: true, webauthn:extension:prf: true, webauthn:virtualAuthenticators: true}
Session ID: 677318d8c4e440baa9aa151d3ce08cc0
	at java.base/jdk.internal.reflect.NativeConstructorAccessorImpl.newInstance0(Native Method)
	at java.base/jdk.internal.reflect.NativeConstructorAccessorImpl.newInstance(NativeConstructorAccessorImpl.java:62)
	at java.base/jdk.internal.reflect.DelegatingConstructorAccessorImpl.newInstance(DelegatingConstructorAccessorImpl.java:45)
	at java.base/java.lang.reflect.Constructor.newInstance(Constructor.java:490)
	at org.openqa.selenium.remote.codec.w3c.W3CHttpResponseCodec.createException(W3CHttpResponseCodec.java:200)
	at org.openqa.selenium.remote.codec.w3c.W3CHttpResponseCodec.decode(W3CHttpResponseCodec.java:133)
	at org.openqa.selenium.remote.codec.w3c.W3CHttpResponseCodec.decode(W3CHttpResponseCodec.java:52)
	at org.openqa.selenium.remote.HttpCommandExecutor.execute(HttpCommandExecutor.java:191)
	at org.openqa.selenium.remote.service.DriverCommandExecutor.invokeExecute(DriverCommandExecutor.java:196)
	at org.openqa.selenium.remote.service.DriverCommandExecutor.execute(DriverCommandExecutor.java:171)
	at org.openqa.selenium.remote.RemoteWebDriver.execute(RemoteWebDriver.java:602)
	at org.openqa.selenium.remote.ElementLocation$ElementFinder$2.findElement(ElementLocation.java:165)
	at org.openqa.selenium.remote.ElementLocation.findElement(ElementLocation.java:59)
	at org.openqa.selenium.remote.RemoteWebDriver.findElement(RemoteWebDriver.java:359)
	at org.openqa.selenium.remote.RemoteWebDriver.findElement(RemoteWebDriver.java:353)
	at com.askomdch.step_definitions.AskOmDchPlaceOrderStepsDefenitions.userShouldBeAbleToSeeConfirmationMessage(AskOmDchPlaceOrderStepsDefenitions.java:100)
	at ✽.user should be able to see "Thank you. Your order has been received." confirmation message(file:///Users/tetianapavlova/IdeaProjects/git-collab-askomdch/src/test/java/com/askomdch/features/askOmDch_place_order.feature:191)
]]>
</failure>
<system-out><![CDATA[
Given user is on the homepage...............................................passed
Then user should be able to click store link................................passed
And user should be able to enter product name "jeans" in search field and click search button.passed
Then user should be able to verify search result "jeans"....................passed
And user should be able to see "Dark Brown Jeans" product item..............passed
And confirm "Dark Brown Jeans" product item and add to cart.................passed
Then user should be able to see "Dark Brown Jeans” has been added to your cart." verify message.passed
And user should be able to click shopping cart link.........................passed
And user should be able to verify cart page and product added "Dark Brown Jeans".passed
Then user should be able to click proceed to checkout button................passed
And user should be able to see checkout page................................passed
And user enters "Miles" for firstname.......................................passed
And user enters "Mendoza" for lastname......................................passed
And user enters "Bob INC" for company name..................................passed
And user selects "United States (US)" for country...........................passed
And user enters "123 N Palatine rd" for street address first................passed
And user enters "apt#321" for street address second.........................passed
And user enters "Chicago" for city..........................................passed
And user selects "IL" for state.............................................passed
And user enters "60008" for zipcode.........................................passed
And user enters "12345678" for phone........................................passed
And user enters "MilMendoza1@gmail.com" for email...........................passed
And user clicks on payment method randomly..................................passed
And user should be able to create account...................................passed
And user enters "MilMendoza1" for account username..........................passed
And user enters "112233" for account password...............................passed
And user should be able to click ship to a different address................passed
And user enters "Sara" for different shipping first name....................passed
And user enters "Lee" for different shipping last name......................passed
And user enters "SaraINC" for different shipping company name...............passed
And user selects "United States (US)" for different shipping country........passed
And user enters "145 Main St" for different shipping street address first...passed
And user enters "apt#43" for different shipping street address second.......passed
And user enters "Apex" for different shipping city..........................passed
And user selects "NC" for different shipping state..........................passed
And user enters "27516" for different shipping zip_code.....................passed
And user enters "Thank you" for order notes.................................passed
Then user should be able to click place order button........................passed
And user should be able to see "Thank you. Your order has been received." confirmation message.failed
And user should be able to see confirmation "MilMendoza1@gmail.com" address.skipped
And user should be able to see confirmation message for payment method in order confirmation.skipped
And verify shipping information the same address and should be see the "Sara"  "Lee"  "SaraINC"  "145 Main St"  "apt#43"  "Apex"  "NC"  "27516".skipped
]]></system-out>
</testcase>
<testcase classname="AskOmDch Place Order  Feature" name="AskOmDch Place Order As a Guest with different address for delivery with create an account - Example #1.2" time="31.992">
<failure type="org.openqa.selenium.NoSuchElementException" message="no such element: Unable to locate element: {&quot;method&quot;:&quot;xpath&quot;,&quot;selector&quot;:&quot;//*[@class='woocommerce-notice woocommerce-notice--success woocommerce-thankyou-order-received']&quot;}
  (Session info: chrome=123.0.6312.122)
For documentation on this error, please visit: https://www.selenium.dev/documentation/webdriver/troubleshooting/errors#no-such-element-exception
Build info: version: '4.12.1', revision: '8e34639b11'
System info: os.name: 'Mac OS X', os.arch: 'aarch64', os.version: '13.5', java.version: '11.0.22'
Driver info: org.openqa.selenium.chrome.ChromeDriver
Command: [f3038abb4efccd3f4fff4d9b44d4728d, findElement {using=xpath, value=//*[@class='woocommerce-notice woocommerce-notice--success woocommerce-thankyou-order-received']}]
Capabilities {acceptInsecureCerts: false, browserName: chrome, browserVersion: 123.0.6312.122, chrome: {chromedriverVersion: 123.0.6312.122 (31f8248cdd9..., userDataDir: /var/folders/rk/tfk1qdsn2dv...}, fedcm:accounts: true, goog:chromeOptions: {debuggerAddress: localhost:58529}, networkConnectionEnabled: false, pageLoadStrategy: normal, platformName: mac, proxy: Proxy(), se:cdp: ws://localhost:58529/devtoo..., se:cdpVersion: 123.0.6312.122, setWindowRect: true, strictFileInteractability: false, timeouts: {implicit: 0, pageLoad: 300000, script: 30000}, unhandledPromptBehavior: dismiss and notify, webauthn:extension:credBlob: true, webauthn:extension:largeBlob: true, webauthn:extension:minPinLength: true, webauthn:extension:prf: true, webauthn:virtualAuthenticators: true}
Session ID: f3038abb4efccd3f4fff4d9b44d4728d">
<![CDATA[org.openqa.selenium.NoSuchElementException: no such element: Unable to locate element: {"method":"xpath","selector":"//*[@class='woocommerce-notice woocommerce-notice--success woocommerce-thankyou-order-received']"}
  (Session info: chrome=123.0.6312.122)
For documentation on this error, please visit: https://www.selenium.dev/documentation/webdriver/troubleshooting/errors#no-such-element-exception
Build info: version: '4.12.1', revision: '8e34639b11'
System info: os.name: 'Mac OS X', os.arch: 'aarch64', os.version: '13.5', java.version: '11.0.22'
Driver info: org.openqa.selenium.chrome.ChromeDriver
Command: [f3038abb4efccd3f4fff4d9b44d4728d, findElement {using=xpath, value=//*[@class='woocommerce-notice woocommerce-notice--success woocommerce-thankyou-order-received']}]
Capabilities {acceptInsecureCerts: false, browserName: chrome, browserVersion: 123.0.6312.122, chrome: {chromedriverVersion: 123.0.6312.122 (31f8248cdd9..., userDataDir: /var/folders/rk/tfk1qdsn2dv...}, fedcm:accounts: true, goog:chromeOptions: {debuggerAddress: localhost:58529}, networkConnectionEnabled: false, pageLoadStrategy: normal, platformName: mac, proxy: Proxy(), se:cdp: ws://localhost:58529/devtoo..., se:cdpVersion: 123.0.6312.122, setWindowRect: true, strictFileInteractability: false, timeouts: {implicit: 0, pageLoad: 300000, script: 30000}, unhandledPromptBehavior: dismiss and notify, webauthn:extension:credBlob: true, webauthn:extension:largeBlob: true, webauthn:extension:minPinLength: true, webauthn:extension:prf: true, webauthn:virtualAuthenticators: true}
Session ID: f3038abb4efccd3f4fff4d9b44d4728d
	at java.base/jdk.internal.reflect.NativeConstructorAccessorImpl.newInstance0(Native Method)
	at java.base/jdk.internal.reflect.NativeConstructorAccessorImpl.newInstance(NativeConstructorAccessorImpl.java:62)
	at java.base/jdk.internal.reflect.DelegatingConstructorAccessorImpl.newInstance(DelegatingConstructorAccessorImpl.java:45)
	at java.base/java.lang.reflect.Constructor.newInstance(Constructor.java:490)
	at org.openqa.selenium.remote.codec.w3c.W3CHttpResponseCodec.createException(W3CHttpResponseCodec.java:200)
	at org.openqa.selenium.remote.codec.w3c.W3CHttpResponseCodec.decode(W3CHttpResponseCodec.java:133)
	at org.openqa.selenium.remote.codec.w3c.W3CHttpResponseCodec.decode(W3CHttpResponseCodec.java:52)
	at org.openqa.selenium.remote.HttpCommandExecutor.execute(HttpCommandExecutor.java:191)
	at org.openqa.selenium.remote.service.DriverCommandExecutor.invokeExecute(DriverCommandExecutor.java:196)
	at org.openqa.selenium.remote.service.DriverCommandExecutor.execute(DriverCommandExecutor.java:171)
	at org.openqa.selenium.remote.RemoteWebDriver.execute(RemoteWebDriver.java:602)
	at org.openqa.selenium.remote.ElementLocation$ElementFinder$2.findElement(ElementLocation.java:165)
	at org.openqa.selenium.remote.ElementLocation.findElement(ElementLocation.java:59)
	at org.openqa.selenium.remote.RemoteWebDriver.findElement(RemoteWebDriver.java:359)
	at org.openqa.selenium.remote.RemoteWebDriver.findElement(RemoteWebDriver.java:353)
	at com.askomdch.step_definitions.AskOmDchPlaceOrderStepsDefenitions.userShouldBeAbleToSeeConfirmationMessage(AskOmDchPlaceOrderStepsDefenitions.java:100)
	at ✽.user should be able to see "Thank you. Your order has been received." confirmation message(file:///Users/tetianapavlova/IdeaProjects/git-collab-askomdch/src/test/java/com/askomdch/features/askOmDch_place_order.feature:191)
]]>
</failure>
<system-out><![CDATA[
Given user is on the homepage...............................................passed
Then user should be able to click store link................................passed
And user should be able to enter product name "Shoes" in search field and click search button.passed
Then user should be able to verify search result "Shoes"....................passed
And user should be able to see "Blue Shoes" product item....................passed
And confirm "Blue Shoes" product item and add to cart.......................passed
Then user should be able to see "Blue Shoes” has been added to your cart." verify message.passed
And user should be able to click shopping cart link.........................passed
And user should be able to verify cart page and product added "Blue Shoes"..passed
Then user should be able to click proceed to checkout button................passed
And user should be able to see checkout page................................passed
And user enters "Everardo" for firstname....................................passed
And user enters "Adamson" for lastname......................................passed
And user enters "Ken INC" for company name..................................passed
And user selects "United States (US)" for country...........................passed
And user enters "358 N Palatine rd" for street address first................passed
And user enters "apt#123" for street address second.........................passed
And user enters "Chicago" for city..........................................passed
And user selects "NC" for state.............................................passed
And user enters "50008" for zipcode.........................................passed
And user enters "99999999" for phone........................................passed
And user enters "EveAdamson1@gmail.com" for email...........................passed
And user clicks on payment method randomly..................................passed
And user should be able to create account...................................passed
And user enters "EveAdamson1" for account username..........................passed
And user enters "112233" for account password...............................passed
And user should be able to click ship to a different address................passed
And user enters "Sara" for different shipping first name....................passed
And user enters "Lee" for different shipping last name......................passed
And user enters "SaraINC" for different shipping company name...............passed
And user selects "United States (US)" for different shipping country........passed
And user enters "141 Main St" for different shipping street address first...passed
And user enters "apt#43" for different shipping street address second.......passed
And user enters "Cary" for different shipping city..........................passed
And user selects "NC" for different shipping state..........................passed
And user enters "27517" for different shipping zip_code.....................passed
And user enters "Thank you" for order notes.................................passed
Then user should be able to click place order button........................passed
And user should be able to see "Thank you. Your order has been received." confirmation message.failed
And user should be able to see confirmation "EveAdamson1@gmail.com" address.skipped
And user should be able to see confirmation message for payment method in order confirmation.skipped
And verify shipping information the same address and should be see the "Sara"  "Lee"  "SaraINC"  "141 Main St"  "apt#43"  "Cary"  "NC"  "27517".skipped
]]></system-out>
</testcase>
<testcase classname="AskOmDch User Registration Feature with Scenario Outline" name="AskOmDch Register New User with Scenario Outline - Example #1.1" time="7.281">
<system-out><![CDATA[
Given user is on the homepage...............................................passed
When user clicks on the account link........................................passed
Then user should be navigate to account page................................passed
And user should be able to see register form header "Register"..............passed
And user enters "ChrOlivares1" for username.................................passed
And user enters "ChrOlivares1@gmail.com" for email address..................passed
And user enters "ChrOli21" for password.....................................passed
Then user should be able to see register button and click it................passed
And user should be able to register successfully "Hello " "ChrOlivares1" " (not " "ChrOlivares1" "? Log out)".passed
]]></system-out>
</testcase>
<testcase classname="AskOmDch User Registration Feature with Scenario Outline" name="AskOmDch Register New User with Scenario Outline - Example #1.2" time="6.708">
<system-out><![CDATA[
Given user is on the homepage...............................................passed
When user clicks on the account link........................................passed
Then user should be navigate to account page................................passed
And user should be able to see register form header "Register"..............passed
And user enters "AleEstrella1" for username.................................passed
And user enters "AleEstrella1@gmail.com" for email address..................passed
And user enters "AleEst21" for password.....................................passed
Then user should be able to see register button and click it................passed
And user should be able to register successfully "Hello " "AleEstrella1" " (not " "AleEstrella1" "? Log out)".passed
]]></system-out>
</testcase>
<testcase classname="AskOmDch User Registration Feature with Scenario Outline" name="AskOmDch Register New User with Scenario Outline and Add Billing and Shipping Address - Example #1.1" time="16.566">
<system-out><![CDATA[
Given user is on the homepage...............................................passed
When user clicks on the account link........................................passed
Then user should be navigate to account page................................passed
And user should be able to see register form header "Register"..............passed
And user enters "LonSandlin1" for username..................................passed
And user enters "LonSandlin1@gmail.com" for email address...................passed
And user enters "LonSan21" for password.....................................passed
Then user should be able to see register button and click it................passed
And user should be able to register successfully "Hello " "LonSandlin1" " (not " "LonSandlin1" "? Log out)".passed
Then user should bee able to click addresses link...........................passed
And verify "Billing address" and "Shipping address" header is Displayed.....passed
Then user clicks on add link billing address................................passed
And user enters "Long" for firstname........................................passed
And user enters "Sandlin" for lastname......................................passed
And user enters "LonSandlin COR" for company name...........................passed
And user selects "United States (US)" for country...........................passed
And user enters "Manor Avenue" for street address first.....................passed
And user enters "apt#321" for street address second.........................passed
And user enters "Chicago" for city..........................................passed
And user selects "IL" for state.............................................passed
And user enters "60008" for zipcode.........................................passed
And user enters "12345678" for phone........................................passed
And user clicks on save address button......................................passed
And verify "Address changed successfully." message..........................passed
Then verify completed billing information and should see the "Long"  "Sandlin"  "LonSandlin COR"  "Manor Avenue"  "apt#321"  "Chicago"  "IL"  "60008".passed
And user clicks on add link shipping address................................passed
Then user enters "Willie" for shipping first name...........................passed
And user enters "Morin" for shipping last name..............................passed
And user enters "WMorin COR" for shipping company name......................passed
And user selects "United States (US)" for shipping country..................passed
And user enters "Queen Street" for shipping street address first............passed
And user enters "apt#43" for shipping street address second.................passed
And user enters "Apex" for shipping city....................................passed
And user selects "CA" for shipping state....................................passed
And user enters "27516" for shipping zip code...............................passed
Then user should be able to click on save address button....................passed
And verify completed shipping address and should see the "Willie"  "Morin"  "WMorin COR"  "Queen Street"  "apt#43"  "Apex"  "CA"  "27516".passed
]]></system-out>
</testcase>
<testcase classname="AskOmDch User Registration Feature with Scenario Outline" name="AskOmDch Register New User with Scenario Outline and Add Billing and Shipping Address - Example #1.2" time="15.364">
<system-out><![CDATA[
Given user is on the homepage...............................................passed
When user clicks on the account link........................................passed
Then user should be navigate to account page................................passed
And user should be able to see register form header "Register"..............passed
And user enters "SeaHutto1" for username....................................passed
And user enters "SeaHutto1@gmail.com" for email address.....................passed
And user enters "SeaHut21" for password.....................................passed
Then user should be able to see register button and click it................passed
And user should be able to register successfully "Hello " "SeaHutto1" " (not " "SeaHutto1" "? Log out)".passed
Then user should bee able to click addresses link...........................passed
And verify "Billing address" and "Shipping address" header is Displayed.....passed
Then user clicks on add link billing address................................passed
And user enters "Seamus" for firstname......................................passed
And user enters "Hutto" for lastname........................................passed
And user enters "SeaHutto COR" for company name.............................passed
And user selects "United States (US)" for country...........................passed
And user enters "Mill Lane" for street address first........................passed
And user enters "apt#123" for street address second.........................passed
And user enters "Vlurphis" for city.........................................passed
And user selects "NC" for state.............................................passed
And user enters "50008" for zipcode.........................................passed
And user enters "99999999" for phone........................................passed
And user clicks on save address button......................................passed
And verify "Address changed successfully." message..........................passed
Then verify completed billing information and should see the "Seamus"  "Hutto"  "SeaHutto COR"  "Mill Lane"  "apt#123"  "Vlurphis"  "NC"  "50008".passed
And user clicks on add link shipping address................................passed
Then user enters "Keara" for shipping first name............................passed
And user enters "Kasper" for shipping last name.............................passed
And user enters "KKasper COR" for shipping company name.....................passed
And user selects "United States (US)" for shipping country..................passed
And user enters "Theater Way" for shipping street address first.............passed
And user enters "apt#43" for shipping street address second.................passed
And user enters "Ivlepool" for shipping city................................passed
And user selects "GA" for shipping state....................................passed
And user enters "27517" for shipping zip code...............................passed
Then user should be able to click on save address button....................passed
And verify completed shipping address and should see the "Keara"  "Kasper"  "KKasper COR"  "Theater Way"  "apt#43"  "Ivlepool"  "GA"  "27517".passed
]]></system-out>
</testcase>
</testsuite>
