<?xml version="1.0" encoding="UTF-8"?>
<testsuite xmlns:xsi="http://www.w3.org/2001/XMLSchema-instance" xsi:noNamespaceSchemaLocation="https://maven.apache.org/surefire/maven-surefire-plugin/xsd/surefire-test-report-3.0.xsd" version="3.0" name="com.askomdch.runner.SmokeRunner" time="0.07" tests="1" errors="1" skipped="0" failures="0">
  <properties>
[...]
</properties>
  <testcase name="initializationError" classname="com.askomdch.runner.SmokeRunner" time="0.001">
    <error message="path must exist: /Users/tetianapavlova/IdeaProjects/git-collab-askomdch-tetiana/src/test/java/com.askomdch/features" type="java.lang.IllegalArgumentException"><![CDATA[java.lang.IllegalArgumentException: path must exist: /Users/tetianapavlova/IdeaProjects/git-collab-askomdch-tetiana/src/test/java/com.askomdch/features
]]></error>
  </testcase>
</testsuite>